2024-12-19 18:01:56,238 INFO  [Log] Test called: Testing the autenticationhas started 
2024-12-19 18:02:01,595 INFO  [Log] Navigating to https://bitheap.tech 
2024-12-19 18:02:07,446 INFO  [Log] Test called: Testing the purchase of one itemhas started 
2024-12-19 18:02:12,123 INFO  [Log] Navigating to https://bitheap.tech 
2024-12-19 18:20:01,568 INFO  [Log] Test called: Testing the autenticationhas started 
2024-12-19 18:20:04,556 INFO  [Log] Navigating to https://bitheap.tech 
2024-12-19 18:20:04,558 INFO  [Log] Starting "i_click_on_Sign_In_button" method 
2024-12-19 18:20:10,307 INFO  [Log] Test called: Testing the purchase of one itemhas started 
2024-12-19 18:20:13,215 INFO  [Log] Navigating to https://bitheap.tech 
2024-12-20 17:04:55,081 INFO  [Log] Test called: Testing the autentication has started 
2024-12-20 17:04:58,936 INFO  [Log] Navigating to https://bitheap.tech 
2024-12-20 17:04:58,939 INFO  [Log] Starting "i_click_on_Sign_In_button" method 
2024-12-20 17:04:59,062 INFO  [Log] Method "i_click_on_Sign_In_button" has finished successfully. Sign In button has been clicked 
2024-12-20 17:04:59,063 INFO  [Log] Starting "i_specify_my_credentials_and_click_login" method 
2024-12-20 17:04:59,460 INFO  [Log] Method "i_specify_my_credentials_and_click_login" has finished successfully. Login button has been clicked 
2024-12-20 17:04:59,461 INFO  [Log] Starting "i_can_log_into_the_website" method 
2024-12-20 17:05:03,869 INFO  [Log] Method " i_can_log_into_the_website" has finished successfully. Successful authentication 
2024-12-20 17:05:04,237 INFO  [Log] Test called: Testing the purchase of one item has started 
2024-12-20 17:05:05,568 INFO  [Log] Navigating to https://bitheap.tech 
2024-12-20 17:05:05,569 INFO  [Log] Starting "i_add_one_element_to_the_cart" method 
2024-12-20 17:05:07,091 INFO  [Log] Shop button clicked correctly 
2024-12-20 17:05:08,390 INFO  [Log] Shop page scrolled successfully 
2024-12-20 17:05:10,537 INFO  [Log] Method "i_add_one_element_to_the_cart" has finished successfully. Element added successfully to the cart 
2024-12-20 17:05:10,537 INFO  [Log] Starting "i_proceed_to_checkout" method 
2024-12-20 17:05:12,089 INFO  [Log] Cart button has been clicked 
2024-12-20 17:05:13,676 INFO  [Log] Method "i_proceed_to_checkout" has finished successfully. Proceed to Checkout button has been clicked 
2024-12-20 17:05:13,677 INFO  [Log] Starting "i_confirm_address_shipping_payment_and_final_order" method 
2024-12-20 17:05:13,778 INFO  [Log] Address information sent successfully 
2024-12-20 17:05:14,245 INFO  [Log] Personal information sent successfully 
2024-12-20 17:12:40,985 INFO  [Log] Test called: Testing the autentication has started 
2024-12-20 17:12:44,764 INFO  [Log] Navigating to https://bitheap.tech 
2024-12-20 17:12:44,768 INFO  [Log] Starting "i_click_on_Sign_In_button" method 
2024-12-20 17:12:44,949 INFO  [Log] Method "i_click_on_Sign_In_button" has finished successfully. Sign In button has been clicked 
2024-12-20 17:12:44,950 INFO  [Log] Starting "i_specify_my_credentials_and_click_login" method 
2024-12-20 17:12:45,398 INFO  [Log] Method "i_specify_my_credentials_and_click_login" has finished successfully. Login button has been clicked 
2024-12-20 17:12:45,400 INFO  [Log] Starting "i_can_log_into_the_website" method 
2024-12-20 17:12:50,803 INFO  [Log] Test called: Testing the purchase of one item has started 
2024-12-20 17:12:52,917 INFO  [Log] Navigating to https://bitheap.tech 
2024-12-20 17:12:52,918 INFO  [Log] Starting "i_add_one_element_to_the_cart" method 
2024-12-20 17:12:55,245 INFO  [Log] Shop button clicked correctly 
2024-12-20 17:12:57,837 INFO  [Log] Shop page scrolled successfully 
2024-12-20 17:12:59,965 INFO  [Log] Method "i_add_one_element_to_the_cart" has finished successfully. Element added successfully to the cart 
2024-12-20 17:12:59,966 INFO  [Log] Starting "i_proceed_to_checkout" method 
2024-12-20 17:13:01,944 INFO  [Log] Cart button has been clicked 
2024-12-20 17:13:04,638 INFO  [Log] Method "i_proceed_to_checkout" has finished successfully. Proceed to Checkout button has been clicked 
2024-12-20 17:13:04,639 INFO  [Log] Starting "i_confirm_address_shipping_payment_and_final_order" method 
2024-12-20 17:13:04,725 INFO  [Log] Address information sent successfully 
2024-12-20 17:13:05,144 INFO  [Log] Personal information sent successfully 
2024-12-20 17:19:46,289 INFO  [Log] Test called: Testing the autentication has started 
2024-12-20 17:19:49,379 INFO  [Log] Navigating to https://bitheap.tech 
2024-12-20 17:19:49,382 INFO  [Log] Starting "i_click_on_Sign_In_button" method 
2024-12-20 17:19:49,534 INFO  [Log] Method "i_click_on_Sign_In_button" has finished successfully. Sign In button has been clicked 
2024-12-20 17:19:49,535 INFO  [Log] Starting "i_specify_my_credentials_and_click_login" method 
2024-12-20 17:19:49,944 INFO  [Log] Method "i_specify_my_credentials_and_click_login" has finished successfully. Login button has been clicked 
2024-12-20 17:19:49,945 INFO  [Log] Starting "i_can_log_into_the_website" method 
2024-12-20 17:19:55,019 INFO  [Log] Method " i_can_log_into_the_website" has finished successfully. Successful authentication 
2024-12-20 17:19:55,337 INFO  [Log] Test called: Testing the purchase of one item has started 
2024-12-20 17:19:56,880 INFO  [Log] Navigating to https://bitheap.tech 
2024-12-20 17:19:56,881 INFO  [Log] Starting "i_add_one_element_to_the_cart" method 
2024-12-20 17:19:58,594 INFO  [Log] Shop button clicked correctly 
2024-12-20 17:20:00,152 INFO  [Log] Shop page scrolled successfully 
2024-12-20 17:20:02,434 INFO  [Log] Method "i_add_one_element_to_the_cart" has finished successfully. Element added successfully to the cart 
2024-12-20 17:20:02,435 INFO  [Log] Starting "i_proceed_to_checkout" method 
2024-12-20 17:20:04,033 INFO  [Log] Cart button has been clicked 
2024-12-20 17:20:05,971 INFO  [Log] Method "i_proceed_to_checkout" has finished successfully. Proceed to Checkout button has been clicked 
2024-12-20 17:20:05,972 INFO  [Log] Starting "i_confirm_address_shipping_payment_and_final_order" method 
2024-12-20 17:20:06,068 INFO  [Log] Address information sent successfully 
2024-12-20 17:20:06,586 INFO  [Log] Personal information sent successfully 
2024-12-20 17:21:28,284 INFO  [Log] Test called: Testing the autentication has started 
2024-12-20 17:21:31,484 INFO  [Log] Navigating to https://bitheap.tech 
2024-12-20 17:21:31,488 INFO  [Log] Starting "i_click_on_Sign_In_button" method 
2024-12-20 17:21:31,656 INFO  [Log] Method "i_click_on_Sign_In_button" has finished successfully. Sign In button has been clicked 
2024-12-20 17:21:31,657 INFO  [Log] Starting "i_specify_my_credentials_and_click_login" method 
2024-12-20 17:21:32,023 INFO  [Log] Method "i_specify_my_credentials_and_click_login" has finished successfully. Login button has been clicked 
2024-12-20 17:21:32,024 INFO  [Log] Starting "i_can_log_into_the_website" method 
2024-12-20 17:21:36,589 INFO  [Log] Method " i_can_log_into_the_website" has finished successfully. Successful authentication 
2024-12-20 17:21:36,862 INFO  [Log] Test called: Testing the purchase of one item has started 
2024-12-20 17:21:38,420 INFO  [Log] Navigating to https://bitheap.tech 
2024-12-20 17:21:38,420 INFO  [Log] Starting "i_add_one_element_to_the_cart" method 
2024-12-20 17:21:40,261 INFO  [Log] Shop button clicked correctly 
2024-12-20 17:21:41,807 INFO  [Log] Shop page scrolled successfully 
2024-12-20 17:21:44,090 INFO  [Log] Method "i_add_one_element_to_the_cart" has finished successfully. Element added successfully to the cart 
2024-12-20 17:21:44,091 INFO  [Log] Starting "i_proceed_to_checkout" method 
2024-12-20 17:21:45,398 INFO  [Log] Cart button has been clicked 
2024-12-20 17:21:46,947 INFO  [Log] Method "i_proceed_to_checkout" has finished successfully. Proceed to Checkout button has been clicked 
2024-12-20 17:21:46,947 INFO  [Log] Starting "i_confirm_address_shipping_payment_and_final_order" method 
2024-12-20 17:21:47,050 INFO  [Log] Address information sent successfully 
2024-12-20 17:21:47,497 INFO  [Log] Personal information sent successfully 
2024-12-20 17:30:12,156 INFO  [Log] Test called: Testing the autentication has started 
2024-12-20 17:30:15,061 INFO  [Log] Navigating to https://bitheap.tech 
2024-12-20 17:30:15,065 INFO  [Log] Starting "i_click_on_Sign_In_button" method 
2024-12-20 17:30:15,216 INFO  [Log] Method "i_click_on_Sign_In_button" has finished successfully. Sign In button has been clicked 
2024-12-20 17:30:15,217 INFO  [Log] Starting "i_specify_my_credentials_and_click_login" method 
2024-12-20 17:30:15,655 INFO  [Log] Method "i_specify_my_credentials_and_click_login" has finished successfully. Login button has been clicked 
2024-12-20 17:30:15,656 INFO  [Log] Starting "i_can_log_into_the_website" method 
2024-12-20 17:30:19,957 INFO  [Log] Method " i_can_log_into_the_website" has finished successfully. Successful authentication 
2024-12-20 17:30:20,250 INFO  [Log] Test called: Testing the purchase of one item has started 
2024-12-20 17:30:21,564 INFO  [Log] Navigating to https://bitheap.tech 
2024-12-20 17:30:21,565 INFO  [Log] Starting "i_add_one_element_to_the_cart" method 
2024-12-20 17:30:23,608 INFO  [Log] Shop button clicked correctly 
2024-12-20 17:30:25,014 INFO  [Log] Shop page scrolled successfully 
2024-12-20 17:30:27,211 INFO  [Log] Method "i_add_one_element_to_the_cart" has finished successfully. Element added successfully to the cart 
2024-12-20 17:30:27,212 INFO  [Log] Starting "i_proceed_to_checkout" method 
2024-12-20 17:30:28,566 INFO  [Log] Cart button has been clicked 
2024-12-20 17:30:30,322 INFO  [Log] Method "i_proceed_to_checkout" has finished successfully. Proceed to Checkout button has been clicked 
2024-12-20 17:30:30,323 INFO  [Log] Starting "i_confirm_address_shipping_payment_and_final_order" method 
2024-12-20 17:30:30,488 INFO  [Log] Address information sent successfully 
2024-12-20 17:30:30,978 INFO  [Log] Personal information sent successfully 
2024-12-20 17:32:16,687 INFO  [Log] Test called: Testing the autentication has started 
2024-12-20 17:32:19,955 INFO  [Log] Navigating to https://bitheap.tech 
2024-12-20 17:32:19,957 INFO  [Log] Starting "i_click_on_Sign_In_button" method 
2024-12-20 17:32:20,107 INFO  [Log] Method "i_click_on_Sign_In_button" has finished successfully. Sign In button has been clicked 
2024-12-20 17:32:20,108 INFO  [Log] Starting "i_specify_my_credentials_and_click_login" method 
2024-12-20 17:32:20,500 INFO  [Log] Method "i_specify_my_credentials_and_click_login" has finished successfully. Login button has been clicked 
2024-12-20 17:32:20,502 INFO  [Log] Starting "i_can_log_into_the_website" method 
2024-12-20 17:32:24,753 INFO  [Log] Method " i_can_log_into_the_website" has finished successfully. Successful authentication 
2024-12-20 17:32:25,068 INFO  [Log] Test called: Testing the purchase of one item has started 
2024-12-20 17:32:26,446 INFO  [Log] Navigating to https://bitheap.tech 
2024-12-20 17:32:26,446 INFO  [Log] Starting "i_add_one_element_to_the_cart" method 
2024-12-20 17:32:28,608 INFO  [Log] Shop button clicked correctly 
2024-12-20 17:32:30,019 INFO  [Log] Shop page scrolled successfully 
2024-12-20 17:32:32,366 INFO  [Log] Method "i_add_one_element_to_the_cart" has finished successfully. Element added successfully to the cart 
2024-12-20 17:32:32,368 INFO  [Log] Starting "i_proceed_to_checkout" method 
2024-12-20 17:32:33,748 INFO  [Log] Cart button has been clicked 
2024-12-20 17:32:35,489 INFO  [Log] Method "i_proceed_to_checkout" has finished successfully. Proceed to Checkout button has been clicked 
2024-12-20 17:32:35,490 INFO  [Log] Starting "i_confirm_address_shipping_payment_and_final_order" method 
2024-12-20 17:32:35,675 INFO  [Log] Address information sent successfully 
2024-12-20 17:32:36,161 INFO  [Log] Personal information sent successfully 
2024-12-20 17:32:36,903 INFO  [Log] Method "i_confirm_address_shipping_payment_and_final_order" has finished successfully. Checkout button has been clicked 
2024-12-20 17:32:36,903 INFO  [Log] Starting "the_elements_are_bought" method 
2024-12-20 17:32:36,921 INFO  [Log] Method "the_elements_are_bought" has finished successfully. Successful purchase 
2024-12-20 17:49:57,079 INFO  [Log] Test called: Testing the autentication has started 
2024-12-20 17:50:02,630 INFO  [Log] Navigating to https://bitheap.tech 
2024-12-20 17:50:02,631 INFO  [Log] Starting "i_click_on_Sign_In_button" method 
2024-12-20 17:50:02,793 INFO  [Log] Method "i_click_on_Sign_In_button" has finished successfully. Sign In button has been clicked 
2024-12-20 17:50:02,794 INFO  [Log] Starting "i_specify_my_credentials_and_click_login" method 
2024-12-20 17:50:03,200 INFO  [Log] Method "i_specify_my_credentials_and_click_login" has finished successfully. Login button has been clicked 
2024-12-20 17:50:03,200 INFO  [Log] Starting "i_can_log_into_the_website" method 
2024-12-20 17:50:09,058 INFO  [Log] Method " i_can_log_into_the_website" has finished successfully. Successful authentication 
2024-12-20 17:50:09,336 INFO  [Log] Test called: Testing the purchase of one item has started 
2024-12-20 17:50:10,773 INFO  [Log] Navigating to https://bitheap.tech 
2024-12-20 17:50:10,774 INFO  [Log] Starting "i_add_one_element_to_the_cart" method 
2024-12-20 17:50:12,496 INFO  [Log] Shop button clicked correctly 
2024-12-20 17:50:14,003 INFO  [Log] Shop page scrolled successfully 
2024-12-20 17:50:16,200 INFO  [Log] Method "i_add_one_element_to_the_cart" has finished successfully. Element added successfully to the cart 
2024-12-20 17:50:16,201 INFO  [Log] Starting "i_proceed_to_checkout" method 
2024-12-20 17:50:17,671 INFO  [Log] Cart button has been clicked 
2024-12-20 17:50:19,447 INFO  [Log] Method "i_proceed_to_checkout" has finished successfully. Proceed to Checkout button has been clicked 
2024-12-20 17:50:19,447 INFO  [Log] Starting "i_confirm_address_shipping_payment_and_final_order" method 
2024-12-20 17:50:19,617 INFO  [Log] Address information sent successfully 
2024-12-20 17:50:20,128 INFO  [Log] Personal information sent successfully 
2024-12-20 18:03:04,457 INFO  [Log] Test called: Testing the autentication has started 
2024-12-20 18:03:11,826 INFO  [Log] Navigating to https://bitheap.tech 
2024-12-20 18:03:11,828 INFO  [Log] Starting "i_click_on_Sign_In_button" method 
2024-12-20 18:03:11,958 INFO  [Log] Method "i_click_on_Sign_In_button" has finished successfully. Sign In button has been clicked 
2024-12-20 18:03:11,959 INFO  [Log] Starting "i_specify_my_credentials_and_click_login" method 
2024-12-20 18:03:12,378 INFO  [Log] Method "i_specify_my_credentials_and_click_login" has finished successfully. Login button has been clicked 
2024-12-20 18:03:12,379 INFO  [Log] Starting "i_can_log_into_the_website" method 
2024-12-20 18:03:16,850 INFO  [Log] Method " i_can_log_into_the_website" has finished successfully. Successful authentication 
2024-12-20 18:03:17,235 INFO  [Log] Test called: Testing the purchase of one item has started 
2024-12-20 18:03:18,615 INFO  [Log] Navigating to https://bitheap.tech 
2024-12-20 18:03:18,615 INFO  [Log] Starting "i_add_one_element_to_the_cart" method 
2024-12-20 18:03:20,237 INFO  [Log] Shop button clicked correctly 
2024-12-20 18:03:21,665 INFO  [Log] Shop page scrolled successfully 
2024-12-20 18:03:23,972 INFO  [Log] Method "i_add_one_element_to_the_cart" has finished successfully. Element added successfully to the cart 
2024-12-20 18:03:23,973 INFO  [Log] Starting "i_proceed_to_checkout" method 
2024-12-20 18:03:26,021 INFO  [Log] Cart button has been clicked 
2024-12-20 18:03:28,097 INFO  [Log] Method "i_proceed_to_checkout" has finished successfully. Proceed to Checkout button has been clicked 
2024-12-20 18:03:28,097 INFO  [Log] Starting "i_confirm_address_shipping_payment_and_final_order" method 
2024-12-20 18:03:28,266 INFO  [Log] Address information sent successfully 
2024-12-20 18:03:28,742 INFO  [Log] Personal information sent successfully 
2024-12-20 18:03:28,794 INFO  [Log] false 
2024-12-20 18:03:29,456 INFO  [Log] Method "i_confirm_address_shipping_payment_and_final_order" has finished successfully. Checkout button has been clicked 
2024-12-20 18:03:29,457 INFO  [Log] Starting "the_elements_are_bought" method 
2024-12-20 18:03:29,474 INFO  [Log] Method "the_elements_are_bought" has finished successfully. Successful purchase 
